C:\Program Files (x86)\Microsoft Visual Studio\2019\Community\MSBuild\Microsoft\VC\v160\Platforms\x64\ImportBefore\Default\vcpkg.system.props(7,3): warning MSB4011: "C:\Users\kanha\AppData\Local\vcpkg\vcpkg.user.props" cannot be imported again. It was already imported at "C:\Program Files (x86)\Microsoft Visual Studio\2019\Community\MSBuild\Current\Imports\Microsoft.Common.props\ImportBefore\vcpkg.system.props (7,3)". This is most likely a build authoring error. This subsequent import will be ignored. [E:\PROGRAMMING\VisualStudioProjects\keyhunt-msvc\bPfile\bPfile.vcxproj]
C:\Program Files (x86)\Microsoft Visual Studio\2019\Community\MSBuild\Microsoft\VC\v160\Platforms\x64\ImportBefore\Default\vcpkg.system.props(8,3): warning MSB4011: "C:\Users\kanha\AppData\Local\vcpkg\vcpkg.user.targets" cannot be imported again. It was already imported at "C:\Program Files (x86)\Microsoft Visual Studio\2019\Community\MSBuild\Current\Imports\Microsoft.Common.props\ImportBefore\vcpkg.system.props (8,3)". This is most likely a build authoring error. This subsequent import will be ignored. [E:\PROGRAMMING\VisualStudioProjects\keyhunt-msvc\bPfile\bPfile.vcxproj]
C:\Program Files (x86)\Microsoft Visual Studio\2019\Community\MSBuild\Microsoft\VC\v160\Platforms\x64\ImportBefore\vcpkg.system.props(7,3): warning MSB4011: "C:\Users\kanha\AppData\Local\vcpkg\vcpkg.user.props" cannot be imported again. It was already imported at "C:\Program Files (x86)\Microsoft Visual Studio\2019\Community\MSBuild\Current\Imports\Microsoft.Common.props\ImportBefore\vcpkg.system.props (7,3)". This is most likely a build authoring error. This subsequent import will be ignored. [E:\PROGRAMMING\VisualStudioProjects\keyhunt-msvc\bPfile\bPfile.vcxproj]
C:\Program Files (x86)\Microsoft Visual Studio\2019\Community\MSBuild\Microsoft\VC\v160\Platforms\x64\ImportBefore\vcpkg.system.props(8,3): warning MSB4011: "C:\Users\kanha\AppData\Local\vcpkg\vcpkg.user.targets" cannot be imported again. It was already imported at "C:\Program Files (x86)\Microsoft Visual Studio\2019\Community\MSBuild\Current\Imports\Microsoft.Common.props\ImportBefore\vcpkg.system.props (8,3)". This is most likely a build authoring error. This subsequent import will be ignored. [E:\PROGRAMMING\VisualStudioProjects\keyhunt-msvc\bPfile\bPfile.vcxproj]
C:\Program Files (x86)\Microsoft Visual Studio\2019\Community\MSBuild\Microsoft\VC\v160\Microsoft.Cpp.Common.props(263,3): warning MSB4011: "C:\Users\kanha\AppData\Local\vcpkg\vcpkg.user.props" cannot be imported again. It was already imported at "C:\Program Files (x86)\Microsoft Visual Studio\2019\Community\MSBuild\Current\Imports\Microsoft.Common.props\ImportBefore\vcpkg.system.props (7,3)". This is most likely a build authoring error. This subsequent import will be ignored. [E:\PROGRAMMING\VisualStudioProjects\keyhunt-msvc\bPfile\bPfile.vcxproj]
C:\Program Files (x86)\Microsoft Visual Studio\2019\Community\MSBuild\Microsoft\VC\v160\Microsoft.CppCommon.targets(2486,3): warning MSB4011: "C:\Users\kanha\AppData\Local\vcpkg\vcpkg.user.targets" cannot be imported again. It was already imported at "C:\Program Files (x86)\Microsoft Visual Studio\2019\Community\MSBuild\Current\Imports\Microsoft.Common.props\ImportBefore\vcpkg.system.props (8,3)". This is most likely a build authoring error. This subsequent import will be ignored. [E:\PROGRAMMING\VisualStudioProjects\keyhunt-msvc\bPfile\bPfile.vcxproj]
  bPfile.cpp
E:\PROGRAMMING\VisualStudioProjects\keyhunt-msvc\gmp\include\gmp.h(1795,19): warning C4244: 'return': conversion from 'mp_limb_t' to 'unsigned long', possible loss of data
E:\PROGRAMMING\VisualStudioProjects\keyhunt-msvc\bPfile\bPfile.cpp(67,10): warning C4566: character represented by universal-character-name '\u25CB' cannot be represented in the current code page (1252)
E:\PROGRAMMING\VisualStudioProjects\keyhunt-msvc\bPfile\bPfile.cpp(58,17): warning C4101: 'sz': unreferenced local variable
E:\PROGRAMMING\VisualStudioProjects\keyhunt-msvc\bPfile\bPfile.cpp(219,35): warning C4267: '=': conversion from 'size_t' to 'long', possible loss of data
E:\PROGRAMMING\VisualStudioProjects\keyhunt-msvc\bPfile\bPfile.cpp(216,7): warning C4101: 'strtemp': unreferenced local variable
  util.cpp
E:\PROGRAMMING\VisualStudioProjects\keyhunt-msvc\bPfile\util.cpp(31,21): warning C4267: '=': conversion from 'size_t' to 'int', possible loss of data
E:\PROGRAMMING\VisualStudioProjects\keyhunt-msvc\bPfile\util.cpp(120,19): warning C4267: '=': conversion from 'size_t' to 'int', possible loss of data
E:\PROGRAMMING\VisualStudioProjects\keyhunt-msvc\bPfile\util.cpp(164,20): warning C4267: '=': conversion from 'size_t' to 'int', possible loss of data
gmp.lib(invert_limb_table.obj) : warning LNK4078: multiple '.rdata' sections found with different attributes (C0400040)
  Generating code
  Previous IPDB not found, fall back to full compilation.
  All 10 functions were compiled because no usable IPDB/IOBJ from previous compilation was found.
  Finished generating code
  bPfile.vcxproj -> E:\PROGRAMMING\VisualStudioProjects\keyhunt-msvc\x64\Release\bPfile.exe
