C:\Program Files (x86)\Microsoft Visual Studio\2019\Community\MSBuild\Microsoft\VC\v160\Platforms\x64\ImportBefore\Default\vcpkg.system.props(7,3): warning MSB4011: "C:\Users\kanha\AppData\Local\vcpkg\vcpkg.user.props" cannot be imported again. It was already imported at "C:\Program Files (x86)\Microsoft Visual Studio\2019\Community\MSBuild\Current\Imports\Microsoft.Common.props\ImportBefore\vcpkg.system.props (7,3)". This is most likely a build authoring error. This subsequent import will be ignored. [E:\PROGRAMMING\VisualStudioProjects\keyhunt-msvc\hexcharstoraw\hexcharstoraw.vcxproj]
C:\Program Files (x86)\Microsoft Visual Studio\2019\Community\MSBuild\Microsoft\VC\v160\Platforms\x64\ImportBefore\Default\vcpkg.system.props(8,3): warning MSB4011: "C:\Users\kanha\AppData\Local\vcpkg\vcpkg.user.targets" cannot be imported again. It was already imported at "C:\Program Files (x86)\Microsoft Visual Studio\2019\Community\MSBuild\Current\Imports\Microsoft.Common.props\ImportBefore\vcpkg.system.props (8,3)". This is most likely a build authoring error. This subsequent import will be ignored. [E:\PROGRAMMING\VisualStudioProjects\keyhunt-msvc\hexcharstoraw\hexcharstoraw.vcxproj]
C:\Program Files (x86)\Microsoft Visual Studio\2019\Community\MSBuild\Microsoft\VC\v160\Platforms\x64\ImportBefore\vcpkg.system.props(7,3): warning MSB4011: "C:\Users\kanha\AppData\Local\vcpkg\vcpkg.user.props" cannot be imported again. It was already imported at "C:\Program Files (x86)\Microsoft Visual Studio\2019\Community\MSBuild\Current\Imports\Microsoft.Common.props\ImportBefore\vcpkg.system.props (7,3)". This is most likely a build authoring error. This subsequent import will be ignored. [E:\PROGRAMMING\VisualStudioProjects\keyhunt-msvc\hexcharstoraw\hexcharstoraw.vcxproj]
C:\Program Files (x86)\Microsoft Visual Studio\2019\Community\MSBuild\Microsoft\VC\v160\Platforms\x64\ImportBefore\vcpkg.system.props(8,3): warning MSB4011: "C:\Users\kanha\AppData\Local\vcpkg\vcpkg.user.targets" cannot be imported again. It was already imported at "C:\Program Files (x86)\Microsoft Visual Studio\2019\Community\MSBuild\Current\Imports\Microsoft.Common.props\ImportBefore\vcpkg.system.props (8,3)". This is most likely a build authoring error. This subsequent import will be ignored. [E:\PROGRAMMING\VisualStudioProjects\keyhunt-msvc\hexcharstoraw\hexcharstoraw.vcxproj]
C:\Program Files (x86)\Microsoft Visual Studio\2019\Community\MSBuild\Microsoft\VC\v160\Microsoft.Cpp.Common.props(263,3): warning MSB4011: "C:\Users\kanha\AppData\Local\vcpkg\vcpkg.user.props" cannot be imported again. It was already imported at "C:\Program Files (x86)\Microsoft Visual Studio\2019\Community\MSBuild\Current\Imports\Microsoft.Common.props\ImportBefore\vcpkg.system.props (7,3)". This is most likely a build authoring error. This subsequent import will be ignored. [E:\PROGRAMMING\VisualStudioProjects\keyhunt-msvc\hexcharstoraw\hexcharstoraw.vcxproj]
C:\Program Files (x86)\Microsoft Visual Studio\2019\Community\MSBuild\Microsoft\VC\v160\Microsoft.CppCommon.targets(2486,3): warning MSB4011: "C:\Users\kanha\AppData\Local\vcpkg\vcpkg.user.targets" cannot be imported again. It was already imported at "C:\Program Files (x86)\Microsoft Visual Studio\2019\Community\MSBuild\Current\Imports\Microsoft.Common.props\ImportBefore\vcpkg.system.props (8,3)". This is most likely a build authoring error. This subsequent import will be ignored. [E:\PROGRAMMING\VisualStudioProjects\keyhunt-msvc\hexcharstoraw\hexcharstoraw.vcxproj]
  hexcharstoraw.cpp
E:\PROGRAMMING\VisualStudioProjects\keyhunt-msvc\hexcharstoraw\hexcharstoraw.cpp(43,28): warning C4267: '=': conversion from 'size_t' to 'int', possible loss of data
E:\PROGRAMMING\VisualStudioProjects\keyhunt-msvc\hexcharstoraw\hexcharstoraw.cpp(77,69): warning C4267: '=': conversion from 'size_t' to 'int', possible loss of data
E:\PROGRAMMING\VisualStudioProjects\keyhunt-msvc\hexcharstoraw\hexcharstoraw.cpp(137,16): warning C4101: 'temp': unreferenced local variable
E:\PROGRAMMING\VisualStudioProjects\keyhunt-msvc\hexcharstoraw\hexcharstoraw.cpp(156,8): warning C4101: 'a': unreferenced local variable
E:\PROGRAMMING\VisualStudioProjects\keyhunt-msvc\hexcharstoraw\hexcharstoraw.cpp(156,18): warning C4101: 'hextemp': unreferenced local variable
E:\PROGRAMMING\VisualStudioProjects\keyhunt-msvc\hexcharstoraw\hexcharstoraw.cpp(156,29): warning C4101: 'hextemp_pivot': unreferenced local variable
E:\PROGRAMMING\VisualStudioProjects\keyhunt-msvc\hexcharstoraw\hexcharstoraw.cpp(156,13): warning C4101: 'b': unreferenced local variable
  util.cpp
E:\PROGRAMMING\VisualStudioProjects\keyhunt-msvc\hexcharstoraw\util.cpp(31,21): warning C4267: '=': conversion from 'size_t' to 'int', possible loss of data
E:\PROGRAMMING\VisualStudioProjects\keyhunt-msvc\hexcharstoraw\util.cpp(120,19): warning C4267: '=': conversion from 'size_t' to 'int', possible loss of data
E:\PROGRAMMING\VisualStudioProjects\keyhunt-msvc\hexcharstoraw\util.cpp(164,20): warning C4267: '=': conversion from 'size_t' to 'int', possible loss of data
  Generating code
  Previous IPDB not found, fall back to full compilation.
  All 18 functions were compiled because no usable IPDB/IOBJ from previous compilation was found.
  Finished generating code
  hexcharstoraw.vcxproj -> E:\PROGRAMMING\VisualStudioProjects\keyhunt-msvc\x64\Release\hexcharstoraw.exe
